{"total": {"lines":{"total":112,"covered":64,"skipped":0,"pct":57.14},"statements":{"total":113,"covered":65,"skipped":0,"pct":57.52},"functions":{"total":28,"covered":16,"skipped":0,"pct":57.14},"branches":{"total":42,"covered":28,"skipped":0,"pct":66.66},"branchesTrue":{"total":0,"covered":0,"skipped":0,"pct":100}}
,"C:\\Users\\emman\\estante-3\\src\\components\\auth\\LoginForm.tsx": {"lines":{"total":31,"covered":12,"skipped":0,"pct":38.7},"functions":{"total":4,"covered":2,"skipped":0,"pct":50},"statements":{"total":31,"covered":12,"skipped":0,"pct":38.7},"branches":{"total":20,"covered":10,"skipped":0,"pct":50}}
,"C:\\Users\\emman\\estante-3\\src\\components\\ui\\button.tsx": {"lines":{"total":5,"covered":5,"skipped":0,"pct":100},"functions":{"total":1,"covered":1,"skipped":0,"pct":100},"statements":{"total":5,"covered":5,"skipped":0,"pct":100},"branches":{"total":3,"covered":3,"skipped":0,"pct":100}}
,"C:\\Users\\emman\\estante-3\\src\\components\\ui\\card.tsx": {"lines":{"total":19,"covered":18,"skipped":0,"pct":94.73},"functions":{"total":6,"covered":5,"skipped":0,"pct":83.33},"statements":{"total":19,"covered":18,"skipped":0,"pct":94.73},"branches":{"total":4,"covered":3,"skipped":0,"pct":75}}
,"C:\\Users\\emman\\estante-3\\src\\components\\ui\\checkbox.tsx": {"lines":{"total":3,"covered":3,"skipped":0,"pct":100},"functions":{"total":1,"covered":1,"skipped":0,"pct":100},"statements":{"total":3,"covered":3,"skipped":0,"pct":100},"branches":{"total":0,"covered":0,"skipped":0,"pct":100}}
,"C:\\Users\\emman\\estante-3\\src\\components\\ui\\input.tsx": {"lines":{"total":3,"covered":3,"skipped":0,"pct":100},"functions":{"total":1,"covered":1,"skipped":0,"pct":100},"statements":{"total":3,"covered":3,"skipped":0,"pct":100},"branches":{"total":0,"covered":0,"skipped":0,"pct":100}}
,"C:\\Users\\emman\\estante-3\\src\\components\\ui\\label.tsx": {"lines":{"total":4,"covered":4,"skipped":0,"pct":100},"functions":{"total":1,"covered":1,"skipped":0,"pct":100},"statements":{"total":4,"covered":4,"skipped":0,"pct":100},"branches":{"total":0,"covered":0,"skipped":0,"pct":100}}
,"C:\\Users\\emman\\estante-3\\src\\components\\ui\\loading-spinner.tsx": {"lines":{"total":3,"covered":3,"skipped":0,"pct":100},"functions":{"total":1,"covered":1,"skipped":0,"pct":100},"statements":{"total":3,"covered":3,"skipped":0,"pct":100},"branches":{"total":2,"covered":2,"skipped":0,"pct":100}}
,"C:\\Users\\emman\\estante-3\\src\\components\\ui\\separator.tsx": {"lines":{"total":3,"covered":3,"skipped":0,"pct":100},"functions":{"total":1,"covered":1,"skipped":0,"pct":100},"statements":{"total":3,"covered":3,"skipped":0,"pct":100},"branches":{"total":4,"covered":3,"skipped":0,"pct":75}}
,"C:\\Users\\emman\\estante-3\\src\\lib\\utils.ts": {"lines":{"total":1,"covered":1,"skipped":0,"pct":100},"functions":{"total":1,"covered":1,"skipped":0,"pct":100},"statements":{"total":1,"covered":1,"skipped":0,"pct":100},"branches":{"total":0,"covered":0,"skipped":0,"pct":100}}
,"C:\\Users\\emman\\estante-3\\src\\router\\paths.ts": {"lines":{"total":4,"covered":2,"skipped":0,"pct":50},"functions":{"total":2,"covered":0,"skipped":0,"pct":0},"statements":{"total":4,"covered":2,"skipped":0,"pct":50},"branches":{"total":0,"covered":0,"skipped":0,"pct":100}}
,"C:\\Users\\emman\\estante-3\\src\\utils\\audioUtils.ts": {"lines":{"total":36,"covered":10,"skipped":0,"pct":27.77},"functions":{"total":9,"covered":2,"skipped":0,"pct":22.22},"statements":{"total":37,"covered":11,"skipped":0,"pct":29.72},"branches":{"total":9,"covered":7,"skipped":0,"pct":77.77}}
}
